TN:
SF:src/controllers/AuthController.js
FN:11,(anonymous_0)
FN:27,(anonymous_1)
FN:51,(anonymous_2)
FN:78,(anonymous_3)
FN:101,(anonymous_4)
FN:114,(anonymous_5)
FN:158,(anonymous_6)
FN:171,(anonymous_7)
FN:198,(anonymous_8)
FN:223,(anonymous_9)
FNF:10
FNH:0
FNDA:0,(anonymous_0)
FNDA:0,(anonymous_1)
FNDA:0,(anonymous_2)
FNDA:0,(anonymous_3)
FNDA:0,(anonymous_4)
FNDA:0,(anonymous_5)
FNDA:0,(anonymous_6)
FNDA:0,(anonymous_7)
FNDA:0,(anonymous_8)
FNDA:0,(anonymous_9)
DA:1,0
DA:2,0
DA:12,0
DA:14,0
DA:15,0
DA:19,0
DA:27,0
DA:29,0
DA:34,0
DA:37,0
DA:39,0
DA:40,0
DA:43,0
DA:51,0
DA:53,0
DA:61,0
DA:64,0
DA:66,0
DA:67,0
DA:70,0
DA:78,0
DA:79,0
DA:80,0
DA:82,0
DA:83,0
DA:87,0
DA:89,0
DA:90,0
DA:93,0
DA:101,0
DA:102,0
DA:103,0
DA:106,0
DA:114,0
DA:115,0
DA:116,0
DA:120,0
DA:125,0
DA:128,0
DA:133,0
DA:134,0
DA:138,0
DA:141,0
DA:146,0
DA:147,0
DA:150,0
DA:158,0
DA:161,0
DA:163,0
DA:171,0
DA:173,0
DA:177,0
DA:180,0
DA:181,0
DA:183,0
DA:184,0
DA:188,0
DA:190,0
DA:198,0
DA:200,0
DA:204,0
DA:207,0
DA:210,0
DA:212,0
DA:215,0
DA:223,0
DA:225,0
DA:230,0
DA:233,0
DA:234,0
DA:236,0
DA:237,0
DA:241,0
DA:244,0
DA:249,0
DA:250,0
DA:253,0
DA:257,0
LF:78
LH:0
BRDA:14,0,0,0
BRDA:14,0,1,0
BRDA:39,1,0,0
BRDA:39,1,1,0
BRDA:66,2,0,0
BRDA:66,2,1,0
BRDA:80,3,0,0
BRDA:80,3,1,0
BRDA:82,4,0,0
BRDA:82,4,1,0
BRDA:89,5,0,0
BRDA:89,5,1,0
BRDA:102,6,0,0
BRDA:102,6,1,0
BRDA:115,7,0,0
BRDA:115,7,1,0
BRDA:133,8,0,0
BRDA:133,8,1,0
BRDA:146,9,0,0
BRDA:146,9,1,0
BRDA:161,10,0,0
BRDA:161,10,1,0
BRDA:183,11,0,0
BRDA:183,11,1,0
BRDA:210,12,0,0
BRDA:210,12,1,0
BRDA:236,13,0,0
BRDA:236,13,1,0
BRDA:249,14,0,0
BRDA:249,14,1,0
BRF:30
BRH:0
end_of_record
TN:
SF:src/controllers/BaseController.js
FN:8,(anonymous_0)
FN:24,(anonymous_1)
FN:43,(anonymous_2)
FN:64,(anonymous_3)
FN:65,(anonymous_4)
FN:103,(anonymous_5)
FN:107,(anonymous_6)
FN:112,(anonymous_7)
FN:124,(anonymous_8)
FN:128,(anonymous_9)
FN:133,(anonymous_10)
FN:145,(anonymous_11)
FN:149,(anonymous_12)
FN:154,(anonymous_13)
FN:165,(anonymous_14)
FN:171,(anonymous_15)
FN:188,(anonymous_16)
FN:206,(anonymous_17)
FN:211,(anonymous_18)
FN:224,(anonymous_19)
FNF:20
FNH:0
FNDA:0,(anonymous_0)
FNDA:0,(anonymous_1)
FNDA:0,(anonymous_2)
FNDA:0,(anonymous_3)
FNDA:0,(anonymous_4)
FNDA:0,(anonymous_5)
FNDA:0,(anonymous_6)
FNDA:0,(anonymous_7)
FNDA:0,(anonymous_8)
FNDA:0,(anonymous_9)
FNDA:0,(anonymous_10)
FNDA:0,(anonymous_11)
FNDA:0,(anonymous_12)
FNDA:0,(anonymous_13)
FNDA:0,(anonymous_14)
FNDA:0,(anonymous_15)
FNDA:0,(anonymous_16)
FNDA:0,(anonymous_17)
FNDA:0,(anonymous_18)
FNDA:0,(anonymous_19)
DA:9,0
DA:10,0
DA:14,0
DA:25,0
DA:32,0
DA:33,0
DA:44,0
DA:46,0
DA:55,0
DA:56,0
DA:65,0
DA:66,0
DA:67,0
DA:69,0
DA:72,0
DA:73,0
DA:75,0
DA:76,0
DA:77,0
DA:78,0
DA:79,0
DA:80,0
DA:81,0
DA:82,0
DA:83,0
DA:84,0
DA:85,0
DA:86,0
DA:87,0
DA:88,0
DA:89,0
DA:92,0
DA:104,0
DA:106,0
DA:107,0
DA:112,0
DA:115,0
DA:125,0
DA:127,0
DA:128,0
DA:133,0
DA:136,0
DA:146,0
DA:148,0
DA:149,0
DA:154,0
DA:157,0
DA:166,0
DA:167,0
DA:170,0
DA:171,0
DA:172,0
DA:173,0
DA:177,0
DA:180,0
DA:189,0
DA:190,0
DA:191,0
DA:193,0
DA:207,0
DA:210,0
DA:211,0
DA:212,0
DA:213,0
DA:217,0
DA:225,0
DA:229,0
LF:67
LH:0
BRDA:9,0,0,0
BRDA:9,0,1,0
BRDA:24,1,0,0
BRDA:24,2,0,0
BRDA:43,3,0,0
BRDA:43,4,0,0
BRDA:44,5,0,0
BRDA:44,5,1,0
BRDA:75,6,0,0
BRDA:75,6,1,0
BRDA:78,7,0,0
BRDA:78,7,1,0
BRDA:81,8,0,0
BRDA:81,8,1,0
BRDA:81,9,0,0
BRDA:81,9,1,0
BRDA:84,10,0,0
BRDA:84,10,1,0
BRDA:84,11,0,0
BRDA:84,11,1,0
BRDA:87,12,0,0
BRDA:87,12,1,0
BRDA:87,13,0,0
BRDA:87,13,1,0
BRDA:106,14,0,0
BRDA:106,14,1,0
BRDA:127,15,0,0
BRDA:127,15,1,0
BRDA:148,16,0,0
BRDA:148,16,1,0
BRDA:166,17,0,0
BRDA:166,17,1,0
BRDA:166,18,0,0
BRDA:166,18,1,0
BRDA:172,19,0,0
BRDA:172,19,1,0
BRDA:189,20,0,0
BRDA:189,20,1,0
BRDA:190,21,0,0
BRDA:190,21,1,0
BRDA:197,22,0,0
BRDA:197,22,1,0
BRDA:212,23,0,0
BRDA:212,23,1,0
BRF:44
BRH:0
end_of_record
TN:
SF:src/controllers/UserController.js
FN:11,(anonymous_0)
FN:27,(anonymous_1)
FN:60,(anonymous_2)
FN:83,(anonymous_3)
FN:110,(anonymous_4)
FN:144,(anonymous_5)
FN:167,(anonymous_6)
FN:190,(anonymous_7)
FN:213,(anonymous_8)
FN:236,(anonymous_9)
FN:252,(anonymous_10)
FN:281,(anonymous_11)
FN:294,(anonymous_12)
FNF:13
FNH:0
FNDA:0,(anonymous_0)
FNDA:0,(anonymous_1)
FNDA:0,(anonymous_2)
FNDA:0,(anonymous_3)
FNDA:0,(anonymous_4)
FNDA:0,(anonymous_5)
FNDA:0,(anonymous_6)
FNDA:0,(anonymous_7)
FNDA:0,(anonymous_8)
FNDA:0,(anonymous_9)
FNDA:0,(anonymous_10)
FNDA:0,(anonymous_11)
FNDA:0,(anonymous_12)
DA:1,0
DA:2,0
DA:12,0
DA:14,0
DA:15,0
DA:19,0
DA:27,0
DA:29,0
DA:39,0
DA:42,0
DA:43,0
DA:46,0
DA:48,0
DA:49,0
DA:52,0
DA:60,0
DA:62,0
DA:66,0
DA:69,0
DA:71,0
DA:72,0
DA:75,0
DA:83,0
DA:85,0
DA:93,0
DA:96,0
DA:98,0
DA:99,0
DA:102,0
DA:110,0
DA:112,0
DA:116,0
DA:119,0
DA:127,0
DA:130,0
DA:132,0
DA:133,0
DA:136,0
DA:144,0
DA:146,0
DA:150,0
DA:153,0
DA:155,0
DA:156,0
DA:159,0
DA:167,0
DA:169,0
DA:173,0
DA:176,0
DA:178,0
DA:179,0
DA:182,0
DA:190,0
DA:192,0
DA:196,0
DA:199,0
DA:201,0
DA:202,0
DA:205,0
DA:213,0
DA:215,0
DA:219,0
DA:222,0
DA:224,0
DA:225,0
DA:228,0
DA:236,0
DA:238,0
DA:240,0
DA:241,0
DA:244,0
DA:252,0
DA:254,0
DA:261,0
DA:263,0
DA:264,0
DA:267,0
DA:269,0
DA:270,0
DA:273,0
DA:281,0
DA:282,0
DA:283,0
DA:286,0
DA:294,0
DA:295,0
DA:296,0
DA:300,0
DA:305,0
DA:308,0
DA:310,0
DA:311,0
DA:314,0
DA:318,0
LF:94
LH:0
BRDA:14,0,0,0
BRDA:14,0,1,0
BRDA:48,1,0,0
BRDA:48,1,1,0
BRDA:71,2,0,0
BRDA:71,2,1,0
BRDA:98,3,0,0
BRDA:98,3,1,0
BRDA:132,4,0,0
BRDA:132,4,1,0
BRDA:155,5,0,0
BRDA:155,5,1,0
BRDA:178,6,0,0
BRDA:178,6,1,0
BRDA:201,7,0,0
BRDA:201,7,1,0
BRDA:224,8,0,0
BRDA:224,8,1,0
BRDA:240,9,0,0
BRDA:240,9,1,0
BRDA:269,10,0,0
BRDA:269,10,1,0
BRDA:282,11,0,0
BRDA:282,11,1,0
BRDA:295,12,0,0
BRDA:295,12,1,0
BRDA:310,13,0,0
BRDA:310,13,1,0
BRF:28
BRH:0
end_of_record
TN:
SF:src/core/abstract/BaseEntity.js
FN:9,(anonymous_0)
FN:24,(anonymous_1)
FN:32,(anonymous_2)
FN:40,(anonymous_3)
FN:54,(anonymous_4)
FN:61,(anonymous_5)
FN:68,(anonymous_6)
FN:76,(anonymous_7)
FN:82,(anonymous_8)
FN:86,(anonymous_9)
FN:90,(anonymous_10)
FN:94,(anonymous_11)
FN:98,(anonymous_12)
FNF:13
FNH:2
FNDA:32,(anonymous_0)
FNDA:0,(anonymous_1)
FNDA:0,(anonymous_2)
FNDA:0,(anonymous_3)
FNDA:0,(anonymous_4)
FNDA:0,(anonymous_5)
FNDA:0,(anonymous_6)
FNDA:0,(anonymous_7)
FNDA:64,(anonymous_8)
FNDA:0,(anonymous_9)
FNDA:0,(anonymous_10)
FNDA:0,(anonymous_11)
FNDA:0,(anonymous_12)
DA:1,1
DA:11,32
DA:12,32
DA:13,32
DA:14,32
DA:17,32
DA:25,0
DA:33,0
DA:41,0
DA:55,0
DA:62,0
DA:69,0
DA:70,0
DA:77,0
DA:78,0
DA:83,64
DA:87,0
DA:91,0
DA:95,0
DA:99,0
DA:100,0
DA:104,1
LF:22
LH:8
BRDA:9,0,0,0
BRDA:11,1,0,32
BRDA:11,1,1,32
BRDA:12,2,0,32
BRDA:12,2,1,32
BRDA:13,3,0,32
BRDA:13,3,1,32
BRDA:14,4,0,0
BRDA:14,4,1,32
BRF:9
BRH:7
end_of_record
TN:
SF:src/core/abstract/BaseService.js
FN:7,(anonymous_0)
FN:22,(anonymous_1)
FN:33,(anonymous_2)
FN:50,(anonymous_3)
FN:70,(anonymous_4)
FN:77,(anonymous_5)
FN:99,(anonymous_6)
FN:106,(anonymous_7)
FN:122,(anonymous_8)
FNF:9
FNH:2
FNDA:16,(anonymous_0)
FNDA:16,(anonymous_1)
FNDA:0,(anonymous_2)
FNDA:0,(anonymous_3)
FNDA:0,(anonymous_4)
FNDA:0,(anonymous_5)
FNDA:0,(anonymous_6)
FNDA:0,(anonymous_7)
FNDA:0,(anonymous_8)
DA:8,16
DA:9,0
DA:13,16
DA:16,16
DA:24,16
DA:34,0
DA:35,0
DA:36,0
DA:37,0
DA:38,0
DA:40,0
DA:41,0
DA:52,0
DA:59,0
DA:61,0
DA:71,0
DA:72,0
DA:74,0
DA:75,0
DA:77,0
DA:84,0
DA:86,0
DA:87,0
DA:101,0
DA:102,0
DA:105,0
DA:106,0
DA:107,0
DA:108,0
DA:112,0
DA:115,0
DA:123,0
DA:127,1
LF:33
LH:5
BRDA:8,0,0,0
BRDA:8,0,1,16
BRDA:53,1,0,0
BRDA:53,1,1,0
BRDA:54,2,0,0
BRDA:54,2,1,0
BRDA:74,3,0,0
BRDA:74,3,1,0
BRDA:101,4,0,0
BRDA:101,4,1,0
BRDA:101,5,0,0
BRDA:101,5,1,0
BRDA:107,6,0,0
BRDA:107,6,1,0
BRF:14
BRH:1
end_of_record
TN:
SF:src/core/interfaces/IAuthenticationService.js
FN:13,(anonymous_0)
FN:22,(anonymous_1)
FN:31,(anonymous_2)
FN:40,(anonymous_3)
FN:50,(anonymous_4)
FNF:5
FNH:0
FNDA:0,(anonymous_0)
FNDA:0,(anonymous_1)
FNDA:0,(anonymous_2)
FNDA:0,(anonymous_3)
FNDA:0,(anonymous_4)
DA:14,0
DA:23,0
DA:32,0
DA:41,0
DA:51,0
DA:55,1
LF:6
LH:1
BRF:0
BRH:0
end_of_record
TN:
SF:src/core/interfaces/ILogger.js
FN:12,(anonymous_0)
FN:22,(anonymous_1)
FN:31,(anonymous_2)
FN:40,(anonymous_3)
FNF:4
FNH:0
FNDA:0,(anonymous_0)
FNDA:0,(anonymous_1)
FNDA:0,(anonymous_2)
FNDA:0,(anonymous_3)
DA:13,0
DA:23,0
DA:32,0
DA:41,0
DA:45,0
LF:5
LH:0
BRDA:12,0,0,0
BRDA:22,1,0,0
BRDA:22,2,0,0
BRDA:31,3,0,0
BRDA:40,4,0,0
BRF:5
BRH:0
end_of_record
TN:
SF:src/core/interfaces/IRepository.js
FN:13,(anonymous_0)
FN:23,(anonymous_1)
FN:32,(anonymous_2)
FN:42,(anonymous_3)
FN:51,(anonymous_4)
FN:60,(anonymous_5)
FNF:6
FNH:0
FNDA:0,(anonymous_0)
FNDA:0,(anonymous_1)
FNDA:0,(anonymous_2)
FNDA:0,(anonymous_3)
FNDA:0,(anonymous_4)
FNDA:0,(anonymous_5)
DA:14,0
DA:24,0
DA:33,0
DA:43,0
DA:52,0
DA:61,0
DA:65,1
LF:7
LH:1
BRDA:23,0,0,0
BRDA:23,1,0,0
BRF:2
BRH:0
end_of_record
TN:
SF:src/core/services/WinstonLogger.js
FN:11,(anonymous_0)
FN:26,(anonymous_1)
FN:42,(anonymous_2)
FN:79,(anonymous_3)
FN:89,(anonymous_4)
FN:109,(anonymous_5)
FN:118,(anonymous_6)
FN:126,(anonymous_7)
FNF:8
FNH:3
FNDA:16,(anonymous_0)
FNDA:1,(anonymous_1)
FNDA:0,(anonymous_2)
FNDA:16,(anonymous_3)
FNDA:0,(anonymous_4)
FNDA:0,(anonymous_5)
FNDA:0,(anonymous_6)
FNDA:0,(anonymous_7)
DA:1,1
DA:2,1
DA:13,16
DA:14,15
DA:17,1
DA:18,1
DA:30,1
DA:33,1
DA:43,0
DA:48,1
DA:55,1
DA:56,0
DA:66,1
DA:80,16
DA:90,0
DA:92,0
DA:93,0
DA:101,0
DA:110,0
DA:119,0
DA:127,0
DA:131,1
LF:22
LH:13
BRDA:11,0,0,0
BRDA:13,1,0,15
BRDA:13,1,1,1
BRDA:28,2,0,0
BRDA:28,3,0,0
BRDA:28,3,1,0
BRDA:29,4,0,1
BRDA:29,5,0,1
BRDA:29,5,1,1
BRDA:33,6,0,0
BRDA:33,6,1,1
BRDA:43,7,0,0
BRDA:43,7,1,0
BRDA:55,8,0,0
BRDA:55,8,1,1
BRDA:79,9,0,16
BRDA:89,10,0,0
BRDA:89,11,0,0
BRDA:92,12,0,0
BRDA:92,12,1,0
BRDA:109,13,0,0
BRDA:118,14,0,0
BRF:22
BRH:8
end_of_record
TN:
SF:src/entities/User.js
FN:11,(anonymous_0)
FN:19,(anonymous_1)
FN:34,(anonymous_2)
FN:60,(anonymous_3)
FN:76,(anonymous_4)
FN:83,(anonymous_5)
FN:91,(anonymous_6)
FN:97,(anonymous_7)
FN:101,(anonymous_8)
FN:106,(anonymous_9)
FN:110,(anonymous_10)
FN:115,(anonymous_11)
FN:119,(anonymous_12)
FN:124,(anonymous_13)
FN:128,(anonymous_14)
FN:133,(anonymous_15)
FN:137,(anonymous_16)
FN:142,(anonymous_17)
FN:146,(anonymous_18)
FN:154,(anonymous_19)
FN:162,(anonymous_20)
FNF:21
FNH:3
FNDA:32,(anonymous_0)
FNDA:32,(anonymous_1)
FNDA:0,(anonymous_2)
FNDA:0,(anonymous_3)
FNDA:0,(anonymous_4)
FNDA:0,(anonymous_5)
FNDA:0,(anonymous_6)
FNDA:32,(anonymous_7)
FNDA:0,(anonymous_8)
FNDA:0,(anonymous_9)
FNDA:0,(anonymous_10)
FNDA:0,(anonymous_11)
FNDA:0,(anonymous_12)
FNDA:0,(anonymous_13)
FNDA:0,(anonymous_14)
FNDA:0,(anonymous_15)
FNDA:0,(anonymous_16)
FNDA:0,(anonymous_17)
FNDA:0,(anonymous_18)
FNDA:0,(anonymous_19)
FNDA:0,(anonymous_20)
DA:1,1
DA:2,1
DA:12,32
DA:21,32
DA:22,32
DA:23,32
DA:24,32
DA:25,32
DA:26,32
DA:27,32
DA:35,0
DA:44,0
DA:53,0
DA:61,0
DA:77,0
DA:84,0
DA:85,0
DA:92,0
DA:93,0
DA:98,32
DA:102,0
DA:103,0
DA:107,0
DA:111,0
DA:112,0
DA:116,0
DA:120,0
DA:121,0
DA:125,0
DA:129,0
DA:130,0
DA:134,0
DA:138,0
DA:139,0
DA:143,0
DA:147,0
DA:155,0
DA:163,0
DA:167,1
LF:39
LH:12
BRDA:11,0,0,0
BRDA:21,1,0,32
BRDA:21,1,1,0
BRDA:22,2,0,32
BRDA:22,2,1,0
BRDA:23,3,0,32
BRDA:23,3,1,0
BRDA:24,4,0,32
BRDA:24,4,1,0
BRDA:25,5,0,32
BRDA:25,5,1,0
BRDA:26,6,0,32
BRDA:26,6,1,0
BRDA:27,7,0,32
BRDA:27,7,1,32
BRDA:163,8,0,0
BRDA:163,8,1,0
BRF:17
BRH:8
end_of_record
TN:
SF:src/middleware/AuthenticationMiddleware.js
FN:8,(anonymous_0)
FN:21,(anonymous_1)
FN:22,(anonymous_2)
FN:72,(anonymous_3)
FN:73,(anonymous_4)
FN:104,(anonymous_5)
FN:112,(anonymous_6)
FN:120,(anonymous_7)
FN:121,(anonymous_8)
FN:151,(anonymous_9)
FN:152,(anonymous_10)
FN:197,(anonymous_11)
FN:198,(anonymous_12)
FN:225,(anonymous_13)
FN:229,(anonymous_14)
FN:236,(anonymous_15)
FNF:16
FNH:0
FNDA:0,(anonymous_0)
FNDA:0,(anonymous_1)
FNDA:0,(anonymous_2)
FNDA:0,(anonymous_3)
FNDA:0,(anonymous_4)
FNDA:0,(anonymous_5)
FNDA:0,(anonymous_6)
FNDA:0,(anonymous_7)
FNDA:0,(anonymous_8)
FNDA:0,(anonymous_9)
FNDA:0,(anonymous_10)
FNDA:0,(anonymous_11)
FNDA:0,(anonymous_12)
FNDA:0,(anonymous_13)
FNDA:0,(anonymous_14)
FNDA:0,(anonymous_15)
DA:9,0
DA:10,0
DA:14,0
DA:22,0
DA:23,0
DA:24,0
DA:25,0
DA:27,0
DA:28,0
DA:38,0
DA:39,0
DA:41,0
DA:42,0
DA:52,0
DA:53,0
DA:54,0
DA:56,0
DA:73,0
DA:74,0
DA:75,0
DA:84,0
DA:85,0
DA:96,0
DA:105,0
DA:113,0
DA:121,0
DA:122,0
DA:123,0
DA:132,0
DA:133,0
DA:142,0
DA:152,0
DA:153,0
DA:154,0
DA:164,0
DA:165,0
DA:169,0
DA:170,0
DA:171,0
DA:172,0
DA:180,0
DA:182,0
DA:198,0
DA:199,0
DA:200,0
DA:201,0
DA:203,0
DA:204,0
DA:205,0
DA:207,0
DA:208,0
DA:209,0
DA:212,0
DA:215,0
DA:226,0
DA:227,0
DA:229,0
DA:230,0
DA:231,0
DA:232,0
DA:235,0
DA:236,0
DA:238,0
DA:241,0
DA:243,0
DA:244,0
DA:254,0
DA:255,0
DA:260,0
LF:69
LH:0
BRDA:9,0,0,0
BRDA:9,0,1,0
BRDA:25,1,0,0
BRDA:25,1,1,0
BRDA:27,2,0,0
BRDA:27,2,1,0
BRDA:41,3,0,0
BRDA:41,3,1,0
BRDA:41,4,0,0
BRDA:41,4,1,0
BRDA:74,5,0,0
BRDA:74,5,1,0
BRDA:84,6,0,0
BRDA:84,6,1,0
BRDA:122,7,0,0
BRDA:122,7,1,0
BRDA:132,8,0,0
BRDA:132,8,1,0
BRDA:153,9,0,0
BRDA:153,9,1,0
BRDA:164,10,0,0
BRDA:164,10,1,0
BRDA:171,11,0,0
BRDA:171,11,1,0
BRDA:201,12,0,0
BRDA:201,12,1,0
BRDA:203,13,0,0
BRDA:203,13,1,0
BRDA:207,14,0,0
BRDA:207,14,1,0
BRDA:207,15,0,0
BRDA:207,15,1,0
BRDA:225,16,0,0
BRDA:226,17,0,0
BRDA:226,18,0,0
BRDA:235,19,0,0
BRDA:235,19,1,0
BRDA:243,20,0,0
BRDA:243,20,1,0
BRF:39
BRH:0
end_of_record
TN:
SF:src/repositories/InMemoryUserRepository.js
FN:11,(anonymous_0)
FN:25,(anonymous_1)
FN:45,(anonymous_2)
FN:57,(anonymous_3)
FN:66,(anonymous_4)
FN:77,(anonymous_5)
FN:82,(anonymous_6)
FN:86,(anonymous_7)
FN:90,(anonymous_8)
FN:95,(anonymous_9)
FN:105,(anonymous_10)
FN:131,(anonymous_11)
FN:159,(anonymous_12)
FN:166,(anonymous_13)
FN:187,(anonymous_14)
FN:203,(anonymous_15)
FN:212,(anonymous_16)
FN:220,(anonymous_17)
FNF:18
FNH:4
FNDA:16,(anonymous_0)
FNDA:16,(anonymous_1)
FNDA:32,(anonymous_2)
FNDA:0,(anonymous_3)
FNDA:0,(anonymous_4)
FNDA:0,(anonymous_5)
FNDA:0,(anonymous_6)
FNDA:0,(anonymous_7)
FNDA:0,(anonymous_8)
FNDA:0,(anonymous_9)
FNDA:0,(anonymous_10)
FNDA:0,(anonymous_11)
FNDA:0,(anonymous_12)
FNDA:0,(anonymous_13)
FNDA:0,(anonymous_14)
FNDA:0,(anonymous_15)
FNDA:0,(anonymous_16)
FNDA:16,(anonymous_17)
DA:1,1
DA:2,1
DA:12,16
DA:15,16
DA:16,16
DA:19,16
DA:26,16
DA:45,16
DA:46,32
DA:47,32
DA:48,32
DA:58,0
DA:67,0
DA:68,0
DA:78,0
DA:81,0
DA:82,0
DA:85,0
DA:86,0
DA:89,0
DA:90,0
DA:93,0
DA:94,0
DA:95,0
DA:96,0
DA:103,0
DA:104,0
DA:105,0
DA:106,0
DA:107,0
DA:109,0
DA:110,0
DA:112,0
DA:117,0
DA:118,0
DA:119,0
DA:120,0
DA:123,0
DA:132,0
DA:133,0
DA:136,0
DA:137,0
DA:141,0
DA:142,0
DA:143,0
DA:147,0
DA:148,0
DA:150,0
DA:160,0
DA:161,0
DA:162,0
DA:166,0
DA:167,0
DA:168,0
DA:173,0
DA:174,0
DA:175,0
DA:178,0
DA:179,0
DA:188,0
DA:189,0
DA:190,0
DA:193,0
DA:194,0
DA:195,0
DA:204,0
DA:213,0
DA:214,0
DA:221,16
DA:222,16
DA:226,1
LF:71
LH:14
BRDA:58,0,0,0
BRDA:58,0,1,0
BRDA:68,1,0,0
BRDA:68,1,1,0
BRDA:77,2,0,0
BRDA:77,3,0,0
BRDA:81,4,0,0
BRDA:81,4,1,0
BRDA:85,5,0,0
BRDA:85,5,1,0
BRDA:89,6,0,0
BRDA:89,6,1,0
BRDA:93,7,0,0
BRDA:93,7,1,0
BRDA:96,8,0,0
BRDA:96,8,1,0
BRDA:96,8,2,0
BRDA:103,9,0,0
BRDA:103,9,1,0
BRDA:109,10,0,0
BRDA:109,10,1,0
BRDA:110,11,0,0
BRDA:110,11,1,0
BRDA:112,12,0,0
BRDA:112,12,1,0
BRDA:117,13,0,0
BRDA:117,13,1,0
BRDA:117,14,0,0
BRDA:117,14,1,0
BRDA:118,15,0,0
BRDA:118,15,1,0
BRDA:119,16,0,0
BRDA:119,16,1,0
BRDA:132,17,0,0
BRDA:132,17,1,0
BRDA:136,18,0,0
BRDA:136,18,1,0
BRDA:142,19,0,0
BRDA:142,19,1,0
BRDA:161,20,0,0
BRDA:161,20,1,0
BRDA:167,21,0,0
BRDA:167,21,1,0
BRDA:167,22,0,0
BRDA:167,22,1,0
BRDA:173,23,0,0
BRDA:173,23,1,0
BRDA:173,24,0,0
BRDA:173,24,1,0
BRDA:189,25,0,0
BRDA:189,25,1,0
BRDA:212,26,0,0
BRF:52
BRH:0
end_of_record
TN:
SF:src/routes/authRoutes.js
FN:10,(anonymous_0)
FN:21,(anonymous_1)
FN:73,(anonymous_2)
FNF:3
FNH:0
FNDA:0,(anonymous_0)
FNDA:0,(anonymous_1)
FNDA:0,(anonymous_2)
DA:1,0
DA:2,0
DA:3,0
DA:11,0
DA:12,0
DA:13,0
DA:15,0
DA:23,0
DA:28,0
DA:33,0
DA:38,0
DA:43,0
DA:48,0
DA:53,0
DA:58,0
DA:63,0
DA:74,0
DA:78,0
LF:18
LH:0
BRF:0
BRH:0
end_of_record
TN:
SF:src/routes/userRoutes.js
FN:10,(anonymous_0)
FN:21,(anonymous_1)
FN:99,(anonymous_2)
FNF:3
FNH:0
FNDA:0,(anonymous_0)
FNDA:0,(anonymous_1)
FNDA:0,(anonymous_2)
DA:1,0
DA:2,0
DA:3,0
DA:11,0
DA:12,0
DA:13,0
DA:15,0
DA:23,0
DA:28,0
DA:34,0
DA:40,0
DA:46,0
DA:52,0
DA:58,0
DA:64,0
DA:70,0
DA:76,0
DA:82,0
DA:88,0
DA:100,0
DA:104,0
LF:21
LH:0
BRF:0
BRH:0
end_of_record
TN:
SF:src/services/AuthenticationService.js
FN:14,(anonymous_0)
FN:37,(anonymous_1)
FN:38,(anonymous_2)
FN:63,(anonymous_3)
FN:94,(anonymous_4)
FN:117,(anonymous_5)
FN:142,(anonymous_6)
FN:158,(anonymous_7)
FN:169,(anonymous_8)
FN:178,(anonymous_9)
FN:179,(anonymous_10)
FN:225,(anonymous_11)
FN:226,(anonymous_12)
FN:250,(anonymous_13)
FNF:14
FNH:1
FNDA:16,(anonymous_0)
FNDA:0,(anonymous_1)
FNDA:0,(anonymous_2)
FNDA:0,(anonymous_3)
FNDA:0,(anonymous_4)
FNDA:0,(anonymous_5)
FNDA:0,(anonymous_6)
FNDA:0,(anonymous_7)
FNDA:0,(anonymous_8)
FNDA:0,(anonymous_9)
FNDA:0,(anonymous_10)
FNDA:0,(anonymous_11)
FNDA:0,(anonymous_12)
FNDA:0,(anonymous_13)
DA:1,1
DA:2,1
DA:3,1
DA:4,1
DA:5,1
DA:15,16
DA:17,0
DA:18,0
DA:22,0
DA:25,0
DA:38,0
DA:40,0
DA:48,0
DA:49,0
DA:53,0
DA:65,0
DA:66,0
DA:67,0
DA:71,0
DA:72,0
DA:73,0
DA:77,0
DA:80,0
DA:82,0
DA:95,0
DA:96,0
DA:97,0
DA:99,0
DA:100,0
DA:103,0
DA:108,0
DA:118,0
DA:126,0
DA:127,0
DA:128,0
DA:131,0
DA:143,0
DA:144,0
DA:145,0
DA:148,0
DA:159,0
DA:160,0
DA:170,0
DA:179,0
DA:181,0
DA:192,0
DA:193,0
DA:197,0
DA:200,0
DA:201,0
DA:207,0
DA:210,0
DA:212,0
DA:226,0
DA:227,0
DA:228,0
DA:230,0
DA:231,0
DA:235,0
DA:237,0
DA:251,0
DA:252,0
DA:253,0
DA:255,0
DA:259,1
LF:65
LH:7
BRDA:17,0,0,0
BRDA:17,0,1,0
BRDA:48,1,0,0
BRDA:48,1,1,0
BRDA:66,2,0,0
BRDA:66,2,1,0
BRDA:66,3,0,0
BRDA:66,3,1,0
BRDA:72,4,0,0
BRDA:72,4,1,0
BRDA:85,5,0,0
BRDA:85,5,1,0
BRDA:99,6,0,0
BRDA:99,6,1,0
BRDA:99,7,0,0
BRDA:99,7,1,0
BRDA:127,8,0,0
BRDA:127,8,1,0
BRDA:132,9,0,0
BRDA:132,9,1,0
BRDA:144,10,0,0
BRDA:144,10,1,0
BRDA:159,11,0,0
BRDA:159,11,1,0
BRDA:192,12,0,0
BRDA:192,12,1,0
BRDA:215,13,0,0
BRDA:215,13,1,0
BRDA:230,14,0,0
BRDA:230,14,1,0
BRDA:230,15,0,0
BRDA:230,15,1,0
BRDA:240,16,0,0
BRDA:240,16,1,0
BRDA:252,17,0,0
BRDA:252,17,1,0
BRF:36
BRH:0
end_of_record
TN:
SF:src/services/UserService.js
FN:12,(anonymous_0)
FN:28,(anonymous_1)
FN:29,(anonymous_2)
FN:43,(anonymous_3)
FN:44,(anonymous_4)
FN:59,(anonymous_5)
FN:60,(anonymous_6)
FN:65,(anonymous_7)
FN:81,(anonymous_8)
FN:82,(anonymous_9)
FN:125,(anonymous_10)
FN:126,(anonymous_11)
FN:172,(anonymous_12)
FN:173,(anonymous_13)
FN:200,(anonymous_14)
FN:201,(anonymous_15)
FN:222,(anonymous_16)
FN:223,(anonymous_17)
FN:239,(anonymous_18)
FN:240,(anonymous_19)
FN:255,(anonymous_20)
FN:256,(anonymous_21)
FN:279,(anonymous_22)
FN:280,(anonymous_23)
FN:290,(anonymous_24)
FNF:25
FNH:0
FNDA:0,(anonymous_0)
FNDA:0,(anonymous_1)
FNDA:0,(anonymous_2)
FNDA:0,(anonymous_3)
FNDA:0,(anonymous_4)
FNDA:0,(anonymous_5)
FNDA:0,(anonymous_6)
FNDA:0,(anonymous_7)
FNDA:0,(anonymous_8)
FNDA:0,(anonymous_9)
FNDA:0,(anonymous_10)
FNDA:0,(anonymous_11)
FNDA:0,(anonymous_12)
FNDA:0,(anonymous_13)
FNDA:0,(anonymous_14)
FNDA:0,(anonymous_15)
FNDA:0,(anonymous_16)
FNDA:0,(anonymous_17)
FNDA:0,(anonymous_18)
FNDA:0,(anonymous_19)
FNDA:0,(anonymous_20)
FNDA:0,(anonymous_21)
FNDA:0,(anonymous_22)
FNDA:0,(anonymous_23)
FNDA:0,(anonymous_24)
DA:1,0
DA:2,0
DA:3,0
DA:13,0
DA:15,0
DA:16,0
DA:20,0
DA:29,0
DA:30,0
DA:31,0
DA:32,0
DA:34,0
DA:44,0
DA:45,0
DA:46,0
DA:47,0
DA:49,0
DA:60,0
DA:61,0
DA:62,0
DA:64,0
DA:65,0
DA:82,0
DA:84,0
DA:95,0
DA:96,0
DA:100,0
DA:101,0
DA:102,0
DA:106,0
DA:109,0
DA:110,0
DA:114,0
DA:115,0
DA:126,0
DA:128,0
DA:139,0
DA:140,0
DA:144,0
DA:145,0
DA:146,0
DA:150,0
DA:151,0
DA:152,0
DA:153,0
DA:158,0
DA:159,0
DA:160,0
DA:163,0
DA:173,0
DA:175,0
DA:176,0
DA:177,0
DA:181,0
DA:182,0
DA:186,0
DA:187,0
DA:188,0
DA:191,0
DA:201,0
DA:202,0
DA:203,0
DA:204,0
DA:208,0
DA:209,0
DA:212,0
DA:213,0
DA:223,0
DA:224,0
DA:225,0
DA:226,0
DA:229,0
DA:230,0
DA:240,0
DA:241,0
DA:242,0
DA:243,0
DA:246,0
DA:247,0
DA:256,0
DA:257,0
DA:258,0
DA:259,0
DA:260,0
DA:262,0
DA:280,0
DA:281,0
DA:282,0
DA:285,0
DA:286,0
DA:287,0
DA:289,0
DA:290,0
DA:304,0
LF:94
LH:0
BRDA:15,0,0,0
BRDA:15,0,1,0
BRDA:31,1,0,0
BRDA:31,1,1,0
BRDA:46,2,0,0
BRDA:46,2,1,0
BRDA:59,3,0,0
BRDA:59,4,0,0
BRDA:68,5,0,0
BRDA:68,5,1,0
BRDA:69,6,0,0
BRDA:69,6,1,0
BRDA:70,7,0,0
BRDA:70,7,1,0
BRDA:70,8,0,0
BRDA:70,8,1,0
BRDA:95,9,0,0
BRDA:95,9,1,0
BRDA:101,10,0,0
BRDA:101,10,1,0
BRDA:109,11,0,0
BRDA:109,11,1,0
BRDA:139,12,0,0
BRDA:139,12,1,0
BRDA:145,13,0,0
BRDA:145,13,1,0
BRDA:150,14,0,0
BRDA:150,14,1,0
BRDA:150,15,0,0
BRDA:150,15,1,0
BRDA:152,16,0,0
BRDA:152,16,1,0
BRDA:159,17,0,0
BRDA:159,17,1,0
BRDA:176,18,0,0
BRDA:176,18,1,0
BRDA:181,19,0,0
BRDA:181,19,1,0
BRDA:187,20,0,0
BRDA:187,20,1,0
BRDA:203,21,0,0
BRDA:203,21,1,0
BRDA:208,22,0,0
BRDA:208,22,1,0
BRDA:225,23,0,0
BRDA:225,23,1,0
BRDA:242,24,0,0
BRDA:242,24,1,0
BRDA:279,25,0,0
BRDA:281,26,0,0
BRDA:281,26,1,0
BRDA:281,27,0,0
BRDA:281,27,1,0
BRDA:295,28,0,0
BRDA:295,28,1,0
BRDA:296,29,0,0
BRDA:296,29,1,0
BRDA:297,30,0,0
BRDA:297,30,1,0
BRDA:297,31,0,0
BRDA:297,31,1,0
BRF:61
BRH:0
end_of_record
